<?xml version="1.0" encoding="UTF-8"?>
<!-- Generated by org.testng.reporters.JUnitReportReporter -->
<testsuite skipped="0" hostname="Radomir-PC" name="tests.Edit_Prices_Test" tests="1" failures="0" timestamp="2020-05-17T12:46:39 CEST" time="84.383" errors="0">
  <testcase name="raisePrice" time="84.383" classname="tests.Edit_Prices_Test"/>
  <system-out/>
</testsuite> <!-- tests.Edit_Prices_Test -->
