<?xml version="1.0" encoding="UTF-8"?>
<!-- Generated by org.testng.reporters.JUnitReportReporter -->
<testsuite skipped="0" hostname="Radomir-PC" name="tests.Products_Test" tests="2" failures="0" timestamp="2020-05-17T14:13:08 CEST" time="182.326" errors="0">
  <testcase name="productCreation" time="99.338" classname="tests.Products_Test"/>
  <system-out/>
  <testcase name="priceIncrease" time="82.988" classname="tests.Products_Test"/>
  <system-out/>
</testsuite> <!-- tests.Products_Test -->
