<?xml version="1.0" encoding="UTF-8"?>
<!-- Generated by org.testng.reporters.JUnitReportReporter -->
<testsuite skipped="0" hostname="Radomir-PC" name="testNGzadatak.CalculatorTest" tests="5" failures="0" timestamp="2020-05-17T15:51:14 CEST" time="0.036" errors="0">
  <testcase name="getValueTest" time="0.026" classname="testNGzadatak.CalculatorTest"/>
  <system-out/>
  <testcase name="setValueTest" time="0.004" classname="testNGzadatak.CalculatorTest"/>
  <system-out/>
  <testcase name="addTest" time="0.002" classname="testNGzadatak.CalculatorTest"/>
  <system-out/>
  <testcase name="divTest" time="0.002" classname="testNGzadatak.CalculatorTest"/>
  <system-out/>
  <testcase name="divTest2" time="0.002" classname="testNGzadatak.CalculatorTest"/>
  <system-out/>
</testsuite> <!-- testNGzadatak.CalculatorTest -->
